[16/Apr/2019:10:02:01 +0800] 0:0:0:0:0:0:0:1 "GET /space/index/findUser HTTP/1.1" 200 - (6755 ms)
[16/Apr/2019:10:02:01 +0800] 0:0:0:0:0:0:0:1 "GET /favicon.ico HTTP/1.1" 200 - (318 ms)
[16/Apr/2019:10:02:04 +0800] 0:0:0:0:0:0:0:1 "GET /space/index/findUser HTTP/1.1" 200 - (440 ms)
[16/Apr/2019:10:02:04 +0800] 0:0:0:0:0:0:0:1 "GET /favicon.ico HTTP/1.1" 200 - (26 ms)
[16/Apr/2019:13:28:53 +0800] 0:0:0:0:0:0:0:1 "GET / HTTP/1.1" 404 - (2364 ms)
[16/Apr/2019:13:29:18 +0800] 0:0:0:0:0:0:0:1 "GET /info HTTP/1.1" 200 - (252 ms)
[16/Apr/2019:13:29:19 +0800] 0:0:0:0:0:0:0:1 "GET /favicon.ico HTTP/1.1" 200 - (268 ms)
[16/Apr/2019:13:30:13 +0800] 0:0:0:0:0:0:0:1 "GET /air-space-local.properties HTTP/1.1" 404 - (493 ms)
[16/Apr/2019:13:31:23 +0800] 0:0:0:0:0:0:0:1 "GET /air-space/local HTTP/1.1" 404 - (187 ms)
[16/Apr/2019:13:32:30 +0800] 0:0:0:0:0:0:0:1 "GET /air-space/dev HTTP/1.1" 404 - (123 ms)
[16/Apr/2019:13:32:37 +0800] 0:0:0:0:0:0:0:1 "GET /air-space/master HTTP/1.1" 404 - (172 ms)
[16/Apr/2019:13:56:27 +0800] 0:0:0:0:0:0:0:1 "GET /config/air-space/master HTTP/1.1" 404 - (890 ms)
[16/Apr/2019:13:56:31 +0800] 0:0:0:0:0:0:0:1 "GET /config HTTP/1.1" 404 - (104 ms)
[16/Apr/2019:13:57:14 +0800] 0:0:0:0:0:0:0:1 "GET /config/air-space HTTP/1.1" 404 - (148 ms)
[16/Apr/2019:13:57:18 +0800] 0:0:0:0:0:0:0:1 "GET /config/air-space/dev HTTP/1.1" 404 - (210 ms)
[16/Apr/2019:13:57:44 +0800] 0:0:0:0:0:0:0:1 "GET /air-space/dev HTTP/1.1" 404 - (98 ms)
[16/Apr/2019:13:57:50 +0800] 0:0:0:0:0:0:0:1 "GET /air-space/dev/config HTTP/1.1" 404 - (99 ms)
[16/Apr/2019:13:58:00 +0800] 0:0:0:0:0:0:0:1 "GET /air-space-dev.properties HTTP/1.1" 404 - (179 ms)
[16/Apr/2019:13:58:06 +0800] 0:0:0:0:0:0:0:1 "GET /config/air-space-dev.properties HTTP/1.1" 404 - (114 ms)
[16/Apr/2019:13:58:25 +0800] 0:0:0:0:0:0:0:1 "GET /config/air-space/dev HTTP/1.1" 404 - (88 ms)
[16/Apr/2019:15:10:56 +0800] 0:0:0:0:0:0:0:1 "GET /redis/find HTTP/1.1" 200 - (648 ms)
[16/Apr/2019:15:10:58 +0800] 0:0:0:0:0:0:0:1 "GET /favicon.ico HTTP/1.1" 200 - (123 ms)
[16/Apr/2019:23:00:51 +0800] 127.0.0.1 "POST /redis/saveRedisData HTTP/1.1" 404 - (94 ms)
[16/Apr/2019:23:03:07 +0800] 127.0.0.1 "POST /redis/saveRedisData HTTP/1.1" 200 - (18213 ms)
[16/Apr/2019:23:05:41 +0800] 127.0.0.1 "POST /redis/saveRedisData HTTP/1.1" 200 - (9724 ms)
